<?xml version="1.0" encoding="UTF-8"?>
<testng-results ignored="0" total="0" passed="0" failed="0" skipped="0">
  <reporter-output>
  </reporter-output>
  <suite started-at="2025-01-11T16:26:54 EST" name="Default suite" finished-at="2025-01-11T16:26:54 EST" duration-ms="171">
    <groups>
      <group name="cucumber">
        <method signature="AbstractTestNGCucumberTests.runScenario(io.cucumber.testng.PickleEventWrapper,io.cucumber.testng.CucumberFeatureWrapper)[pri:0, instance:com.testrun.Runner@6e4784bc]" name="runScenario" class="io.cucumber.testng.AbstractTestNGCucumberTests"/>
      </group> <!-- cucumber -->
    </groups>
    <test started-at="2025-01-11T16:26:54 EST" name="Default test" finished-at="2025-01-11T16:26:54 EST" duration-ms="171">
      <class name="com.testrun.Runner">
        <test-method is-config="true" signature="setup2()[pri:0, instance:com.testrun.Runner@6e4784bc]" started-at="2025-01-11T16:26:54 EST" name="setup2" finished-at="2025-01-11T16:26:54 EST" duration-ms="5" status="PASS">
          <reporter-output>
          </reporter-output>
        </test-method> <!-- setup2 -->
        <test-method is-config="true" signature="setUpClass()[pri:0, instance:com.testrun.Runner@6e4784bc]" started-at="2025-01-11T16:26:54 EST" name="setUpClass" finished-at="2025-01-11T16:26:54 EST" duration-ms="101" status="PASS">
          <reporter-output>
          </reporter-output>
        </test-method> <!-- setUpClass -->
        <test-method is-config="true" signature="tearDownClass()[pri:0, instance:com.testrun.Runner@6e4784bc]" started-at="2025-01-11T16:26:54 EST" name="tearDownClass" finished-at="2025-01-11T16:26:54 EST" duration-ms="4" status="PASS">
          <reporter-output>
          </reporter-output>
        </test-method> <!-- tearDownClass -->
      </class> <!-- com.testrun.Runner -->
    </test> <!-- Default test -->
  </suite> <!-- Default suite -->
</testng-results>
